<?xml version="1.0" encoding="UTF-8"?>
<testsuite name="com.aa.resume.ResumeApplicationTests" tests="1" skipped="0" failures="0" errors="0" timestamp="2023-08-06T12:48:16" hostname="Aloks-MacBook-Pro.local" time="0.113">
  <properties/>
  <testcase name="contextLoads()" classname="com.aa.resume.ResumeApplicationTests" time="0.113"/>
  <system-out><![CDATA[18:18:16.047 [Test worker] DEBUG org.springframework.test.context.BootstrapUtils - Instantiating CacheAwareContextLoaderDelegate from class [org.springframework.test.context.cache.DefaultCacheAwareContextLoaderDelegate]
18:18:16.051 [Test worker] DEBUG org.springframework.test.context.BootstrapUtils - Instantiating BootstrapContext using constructor [public org.springframework.test.context.support.DefaultBootstrapContext(java.lang.Class,org.springframework.test.context.CacheAwareContextLoaderDelegate)]
18:18:16.064 [Test worker] DEBUG org.springframework.test.context.BootstrapUtils - Instantiating TestContextBootstrapper for test class [com.aa.resume.ResumeApplicationTests] from class [org.springframework.boot.test.context.SpringBootTestContextBootstrapper]
18:18:16.067 [Test worker] INFO org.springframework.boot.test.context.SpringBootTestContextBootstrapper - Neither @ContextConfiguration nor @ContextHierarchy found for test class [com.aa.resume.ResumeApplicationTests], using SpringBootContextLoader
18:18:16.069 [Test worker] DEBUG org.springframework.test.context.support.AbstractContextLoader - Did not detect default resource location for test class [com.aa.resume.ResumeApplicationTests]: class path resource [com/aa/resume/ResumeApplicationTests-context.xml] does not exist
18:18:16.069 [Test worker] DEBUG org.springframework.test.context.support.AbstractContextLoader - Did not detect default resource location for test class [com.aa.resume.ResumeApplicationTests]: class path resource [com/aa/resume/ResumeApplicationTestsContext.groovy] does not exist
18:18:16.069 [Test worker] INFO org.springframework.test.context.support.AbstractContextLoader - Could not detect default resource locations for test class [com.aa.resume.ResumeApplicationTests]: no resource found for suffixes {-context.xml, Context.groovy}.
18:18:16.069 [Test worker] INFO org.springframework.test.context.support.AnnotationConfigContextLoaderUtils - Could not detect default configuration classes for test class [com.aa.resume.ResumeApplicationTests]: ResumeApplicationTests does not declare any static, non-private, non-final, nested classes annotated with @Configuration.
18:18:16.086 [Test worker] DEBUG org.springframework.test.context.support.ActiveProfilesUtils - Could not find an 'annotation declaring class' for annotation type [org.springframework.test.context.ActiveProfiles] and class [com.aa.resume.ResumeApplicationTests]
18:18:16.104 [Test worker] DEBUG org.springframework.context.annotation.ClassPathScanningCandidateComponentProvider - Identified candidate component class: file [/Users/aunny/Desktop/Resume/backend/resume/build/classes/java/main/com/aa/resume/ResumeApplication.class]
18:18:16.105 [Test worker] INFO org.springframework.boot.test.context.SpringBootTestContextBootstrapper - Found @SpringBootConfiguration com.aa.resume.ResumeApplication for test class com.aa.resume.ResumeApplicationTests
18:18:16.136 [Test worker] DEBUG org.springframework.boot.test.context.SpringBootTestContextBootstrapper - @TestExecutionListeners is not present for class [com.aa.resume.ResumeApplicationTests]: using defaults.
18:18:16.136 [Test worker] INFO org.springframework.boot.test.context.SpringBootTestContextBootstrapper - Loaded default TestExecutionListener class names from location [META-INF/spring.factories]: [org.springframework.security.test.context.support.WithSecurityContextTestExecutionListener, org.springframework.security.test.context.support.ReactorContextTestExecutionListener, org.springframework.boot.test.autoconfigure.restdocs.RestDocsTestExecutionListener, org.springframework.boot.test.autoconfigure.web.client.MockRestServiceServerResetTestExecutionListener, org.springframework.boot.test.autoconfigure.web.servlet.MockMvcPrintOnlyOnFailureTestExecutionListener, org.springframework.boot.test.autoconfigure.web.servlet.WebDriverTestExecutionListener, org.springframework.boot.test.autoconfigure.webservices.client.MockWebServiceServerTestExecutionListener, org.springframework.boot.test.mock.mockito.MockitoTestExecutionListener, org.springframework.boot.test.mock.mockito.ResetMocksTestExecutionListener, org.springframework.test.context.web.ServletTestExecutionListener, org.springframework.test.context.support.DirtiesContextBeforeModesTestExecutionListener, org.springframework.test.context.event.ApplicationEventsTestExecutionListener, org.springframework.test.context.support.DependencyInjectionTestExecutionListener, org.springframework.test.context.support.DirtiesContextTestExecutionListener, org.springframework.test.context.transaction.TransactionalTestExecutionListener, org.springframework.test.context.jdbc.SqlScriptsTestExecutionListener, org.springframework.test.context.event.EventPublishingTestExecutionListener]
18:18:16.140 [Test worker] DEBUG org.springframework.boot.test.context.SpringBootTestContextBootstrapper - Skipping candidate TestExecutionListener [org.springframework.test.context.transaction.TransactionalTestExecutionListener] due to a missing dependency. Specify custom listener classes or make the default listener classes and their required dependencies available. Offending class: [org/springframework/transaction/interceptor/TransactionAttributeSource]
18:18:16.140 [Test worker] DEBUG org.springframework.boot.test.context.SpringBootTestContextBootstrapper - Skipping candidate TestExecutionListener [org.springframework.test.context.jdbc.SqlScriptsTestExecutionListener] due to a missing dependency. Specify custom listener classes or make the default listener classes and their required dependencies available. Offending class: [org/springframework/transaction/interceptor/TransactionAttribute]
18:18:16.141 [Test worker] INFO org.springframework.boot.test.context.SpringBootTestContextBootstrapper - Using TestExecutionListeners: [org.springframework.test.context.web.ServletTestExecutionListener@58ebfd03, org.springframework.test.context.support.DirtiesContextBeforeModesTestExecutionListener@5b07730f, org.springframework.test.context.event.ApplicationEventsTestExecutionListener@1fdfafd2, org.springframework.boot.test.mock.mockito.MockitoTestExecutionListener@a4b2d8f, org.springframework.boot.test.autoconfigure.SpringBootDependencyInjectionTestExecutionListener@dcfda20, org.springframework.test.context.support.DirtiesContextTestExecutionListener@6d304f9d, org.springframework.security.test.context.support.WithSecurityContextTestExecutionListener@f73dcd6, org.springframework.test.context.event.EventPublishingTestExecutionListener@5c87bfe2, org.springframework.security.test.context.support.ReactorContextTestExecutionListener@2fea7088, org.springframework.boot.test.autoconfigure.restdocs.RestDocsTestExecutionListener@40499e4f, org.springframework.boot.test.autoconfigure.web.client.MockRestServiceServerResetTestExecutionListener@51cd7ffc, org.springframework.boot.test.autoconfigure.web.servlet.MockMvcPrintOnlyOnFailureTestExecutionListener@30d4b288, org.springframework.boot.test.autoconfigure.web.servlet.WebDriverTestExecutionListener@4cc6fa2a, org.springframework.boot.test.autoconfigure.webservices.client.MockWebServiceServerTestExecutionListener@40f1be1b, org.springframework.boot.test.mock.mockito.ResetMocksTestExecutionListener@7a791b66]
18:18:16.142 [Test worker] DEBUG org.springframework.test.context.support.AbstractDirtiesContextTestExecutionListener - Before test class: context [DefaultTestContext@4a3329b9 testClass = ResumeApplicationTests, testInstance = [null], testMethod = [null], testException = [null], mergedContextConfiguration = [WebMergedContextConfiguration@3dddefd8 testClass = ResumeApplicationTests, locations = '{}', classes = '{class com.aa.resume.ResumeApplication}', contextInitializerClasses = '[]', activeProfiles = '{}', propertySourceLocations = '{}', propertySourceProperties = '{org.springframework.boot.test.context.SpringBootTestContextBootstrapper=true}', contextCustomizers = set[org.springframework.boot.test.autoconfigure.actuate.metrics.MetricsExportContextCustomizerFactory$DisableMetricExportContextCustomizer@38604b81, org.springframework.boot.test.autoconfigure.properties.PropertyMappingContextCustomizer@0, org.springframework.boot.test.autoconfigure.web.servlet.WebDriverContextCustomizerFactory$Customizer@1583741e, org.springframework.boot.test.context.filter.ExcludeFilterContextCustomizer@2e48362c, org.springframework.boot.test.json.DuplicateJsonObjectContextCustomizerFactory$DuplicateJsonObjectContextCustomizer@7d446ed1, org.springframework.boot.test.mock.mockito.MockitoContextCustomizer@0, org.springframework.boot.test.web.client.TestRestTemplateContextCustomizer@4f3bbf68, org.springframework.boot.test.web.reactive.server.WebTestClientContextCustomizer@59a008ba, org.springframework.boot.test.context.SpringBootTestArgs@1, org.springframework.boot.test.context.SpringBootTestWebEnvironment@7a675056], resourceBasePath = 'src/main/webapp', contextLoader = 'org.springframework.boot.test.context.SpringBootContextLoader', parent = [null]], attributes = map['org.springframework.test.context.web.ServletTestExecutionListener.activateListener' -> true]], class annotated with @DirtiesContext [false] with mode [null].
18:18:16.154 [Test worker] DEBUG org.springframework.test.context.support.TestPropertySourceUtils - Adding inlined properties to environment: {spring.jmx.enabled=false, org.springframework.boot.test.context.SpringBootTestContextBootstrapper=true}

  .   ____          _            __ _ _
 /\\ / ___'_ __ _ _(_)_ __  __ _ \ \ \ \
( ( )\___ | '_ | '_| | '_ \/ _` | \ \ \ \
 \\/  ___)| |_)| | | | | || (_| |  ) ) ) )
  '  |____| .__|_| |_|_| |_\__, | / / / /
 =========|_|==============|___/=/_/_/_/
 :: Spring Boot ::                (v2.5.4)

2023-08-06 18:18:16.260  INFO 37330 --- [    Test worker] com.aa.resume.ResumeApplicationTests     : Starting ResumeApplicationTests using Java 18.0.2 on Aloks-MacBook-Pro.local with PID 37330 (started by aunny in /Users/aunny/Desktop/Resume/backend/resume)
2023-08-06 18:18:16.261  INFO 37330 --- [    Test worker] com.aa.resume.ResumeApplicationTests     : No active profile set, falling back to default profiles: default
2023-08-06 18:18:16.929  INFO 37330 --- [    Test worker] com.aa.resume.ResumeApplicationTests     : Started ResumeApplicationTests in 0.772 seconds (JVM running for 1.166)
]]></system-out>
  <system-err><![CDATA[]]></system-err>
</testsuite>
