<?xml version="1.0" encoding="UTF-8"?>
<testsuite name="com.aa.resume.ResumeApplicationTests" tests="1" skipped="0" failures="0" errors="0" timestamp="2023-08-10T11:48:30" hostname="Aloks-MacBook-Pro.local" time="0.155">
  <properties/>
  <testcase name="contextLoads()" classname="com.aa.resume.ResumeApplicationTests" time="0.155"/>
  <system-out><![CDATA[17:18:29.140 [Test worker] DEBUG org.springframework.test.context.BootstrapUtils - Instantiating CacheAwareContextLoaderDelegate from class [org.springframework.test.context.cache.DefaultCacheAwareContextLoaderDelegate]
17:18:29.145 [Test worker] DEBUG org.springframework.test.context.BootstrapUtils - Instantiating BootstrapContext using constructor [public org.springframework.test.context.support.DefaultBootstrapContext(java.lang.Class,org.springframework.test.context.CacheAwareContextLoaderDelegate)]
17:18:29.159 [Test worker] DEBUG org.springframework.test.context.BootstrapUtils - Instantiating TestContextBootstrapper for test class [com.aa.resume.ResumeApplicationTests] from class [org.springframework.boot.test.context.SpringBootTestContextBootstrapper]
17:18:29.163 [Test worker] INFO org.springframework.boot.test.context.SpringBootTestContextBootstrapper - Neither @ContextConfiguration nor @ContextHierarchy found for test class [com.aa.resume.ResumeApplicationTests], using SpringBootContextLoader
17:18:29.164 [Test worker] DEBUG org.springframework.test.context.support.AbstractContextLoader - Did not detect default resource location for test class [com.aa.resume.ResumeApplicationTests]: class path resource [com/aa/resume/ResumeApplicationTests-context.xml] does not exist
17:18:29.165 [Test worker] DEBUG org.springframework.test.context.support.AbstractContextLoader - Did not detect default resource location for test class [com.aa.resume.ResumeApplicationTests]: class path resource [com/aa/resume/ResumeApplicationTestsContext.groovy] does not exist
17:18:29.165 [Test worker] INFO org.springframework.test.context.support.AbstractContextLoader - Could not detect default resource locations for test class [com.aa.resume.ResumeApplicationTests]: no resource found for suffixes {-context.xml, Context.groovy}.
17:18:29.165 [Test worker] INFO org.springframework.test.context.support.AnnotationConfigContextLoaderUtils - Could not detect default configuration classes for test class [com.aa.resume.ResumeApplicationTests]: ResumeApplicationTests does not declare any static, non-private, non-final, nested classes annotated with @Configuration.
17:18:29.196 [Test worker] DEBUG org.springframework.test.context.support.ActiveProfilesUtils - Could not find an 'annotation declaring class' for annotation type [org.springframework.test.context.ActiveProfiles] and class [com.aa.resume.ResumeApplicationTests]
17:18:29.221 [Test worker] DEBUG org.springframework.context.annotation.ClassPathScanningCandidateComponentProvider - Identified candidate component class: file [/Users/aunny/Desktop/Resume/backend/resume/build/classes/java/main/com/aa/resume/ResumeApplication.class]
17:18:29.221 [Test worker] INFO org.springframework.boot.test.context.SpringBootTestContextBootstrapper - Found @SpringBootConfiguration com.aa.resume.ResumeApplication for test class com.aa.resume.ResumeApplicationTests
17:18:29.252 [Test worker] DEBUG org.springframework.boot.test.context.SpringBootTestContextBootstrapper - @TestExecutionListeners is not present for class [com.aa.resume.ResumeApplicationTests]: using defaults.
17:18:29.252 [Test worker] INFO org.springframework.boot.test.context.SpringBootTestContextBootstrapper - Loaded default TestExecutionListener class names from location [META-INF/spring.factories]: [org.springframework.security.test.context.support.WithSecurityContextTestExecutionListener, org.springframework.security.test.context.support.ReactorContextTestExecutionListener, org.springframework.boot.test.autoconfigure.restdocs.RestDocsTestExecutionListener, org.springframework.boot.test.autoconfigure.web.client.MockRestServiceServerResetTestExecutionListener, org.springframework.boot.test.autoconfigure.web.servlet.MockMvcPrintOnlyOnFailureTestExecutionListener, org.springframework.boot.test.autoconfigure.web.servlet.WebDriverTestExecutionListener, org.springframework.boot.test.autoconfigure.webservices.client.MockWebServiceServerTestExecutionListener, org.springframework.boot.test.mock.mockito.MockitoTestExecutionListener, org.springframework.boot.test.mock.mockito.ResetMocksTestExecutionListener, org.springframework.test.context.web.ServletTestExecutionListener, org.springframework.test.context.support.DirtiesContextBeforeModesTestExecutionListener, org.springframework.test.context.event.ApplicationEventsTestExecutionListener, org.springframework.test.context.support.DependencyInjectionTestExecutionListener, org.springframework.test.context.support.DirtiesContextTestExecutionListener, org.springframework.test.context.transaction.TransactionalTestExecutionListener, org.springframework.test.context.jdbc.SqlScriptsTestExecutionListener, org.springframework.test.context.event.EventPublishingTestExecutionListener]
17:18:29.259 [Test worker] DEBUG org.springframework.boot.test.context.SpringBootTestContextBootstrapper - Skipping candidate TestExecutionListener [org.springframework.test.context.transaction.TransactionalTestExecutionListener] due to a missing dependency. Specify custom listener classes or make the default listener classes and their required dependencies available. Offending class: [org/springframework/transaction/interceptor/TransactionAttributeSource]
17:18:29.259 [Test worker] DEBUG org.springframework.boot.test.context.SpringBootTestContextBootstrapper - Skipping candidate TestExecutionListener [org.springframework.test.context.jdbc.SqlScriptsTestExecutionListener] due to a missing dependency. Specify custom listener classes or make the default listener classes and their required dependencies available. Offending class: [org/springframework/transaction/interceptor/TransactionAttribute]
17:18:29.259 [Test worker] INFO org.springframework.boot.test.context.SpringBootTestContextBootstrapper - Using TestExecutionListeners: [org.springframework.test.context.web.ServletTestExecutionListener@1d8062d2, org.springframework.test.context.support.DirtiesContextBeforeModesTestExecutionListener@1e63ec0b, org.springframework.test.context.event.ApplicationEventsTestExecutionListener@3b956878, org.springframework.boot.test.mock.mockito.MockitoTestExecutionListener@36546a22, org.springframework.boot.test.autoconfigure.SpringBootDependencyInjectionTestExecutionListener@285c08c8, org.springframework.test.context.support.DirtiesContextTestExecutionListener@295eaa7c, org.springframework.security.test.context.support.WithSecurityContextTestExecutionListener@3918c187, org.springframework.test.context.event.EventPublishingTestExecutionListener@2c88b9fc, org.springframework.security.test.context.support.ReactorContextTestExecutionListener@64dafeed, org.springframework.boot.test.autoconfigure.restdocs.RestDocsTestExecutionListener@388ba540, org.springframework.boot.test.autoconfigure.web.client.MockRestServiceServerResetTestExecutionListener@47605f2f, org.springframework.boot.test.autoconfigure.web.servlet.MockMvcPrintOnlyOnFailureTestExecutionListener@2ece4966, org.springframework.boot.test.autoconfigure.web.servlet.WebDriverTestExecutionListener@1dd0e7c4, org.springframework.boot.test.autoconfigure.webservices.client.MockWebServiceServerTestExecutionListener@7894f09b, org.springframework.boot.test.mock.mockito.ResetMocksTestExecutionListener@3d484181]
17:18:29.261 [Test worker] DEBUG org.springframework.test.context.support.AbstractDirtiesContextTestExecutionListener - Before test class: context [DefaultTestContext@652a7737 testClass = ResumeApplicationTests, testInstance = [null], testMethod = [null], testException = [null], mergedContextConfiguration = [WebMergedContextConfiguration@5b7ea70d testClass = ResumeApplicationTests, locations = '{}', classes = '{class com.aa.resume.ResumeApplication}', contextInitializerClasses = '[]', activeProfiles = '{}', propertySourceLocations = '{}', propertySourceProperties = '{org.springframework.boot.test.context.SpringBootTestContextBootstrapper=true}', contextCustomizers = set[org.springframework.boot.test.autoconfigure.actuate.metrics.MetricsExportContextCustomizerFactory$DisableMetricExportContextCustomizer@46b61c56, org.springframework.boot.test.autoconfigure.properties.PropertyMappingContextCustomizer@0, org.springframework.boot.test.autoconfigure.web.servlet.WebDriverContextCustomizerFactory$Customizer@7a220c9a, org.springframework.boot.test.context.filter.ExcludeFilterContextCustomizer@21ba0741, org.springframework.boot.test.json.DuplicateJsonObjectContextCustomizerFactory$DuplicateJsonObjectContextCustomizer@b4711e2, org.springframework.boot.test.mock.mockito.MockitoContextCustomizer@0, org.springframework.boot.test.web.client.TestRestTemplateContextCustomizer@558bdf1f, org.springframework.boot.test.web.reactive.server.WebTestClientContextCustomizer@78641d23, org.springframework.boot.test.context.SpringBootTestArgs@1, org.springframework.boot.test.context.SpringBootTestWebEnvironment@5f8edcc5], resourceBasePath = 'src/main/webapp', contextLoader = 'org.springframework.boot.test.context.SpringBootContextLoader', parent = [null]], attributes = map['org.springframework.test.context.web.ServletTestExecutionListener.activateListener' -> true]], class annotated with @DirtiesContext [false] with mode [null].

  .   ____          _            __ _ _
 /\\ / ___'_ __ _ _(_)_ __  __ _ \ \ \ \
( ( )\___ | '_ | '_| | '_ \/ _` | \ \ \ \
 \\/  ___)| |_)| | | | | || (_| |  ) ) ) )
  '  |____| .__|_| |_|_| |_\__, | / / / /
 =========|_|==============|___/=/_/_/_/
 :: Spring Boot ::                (v2.7.5)

2023-08-10 17:18:29.380  INFO 9614 --- [    Test worker] com.aa.resume.ResumeApplicationTests     : Starting ResumeApplicationTests using Java 18.0.2 on Aloks-MacBook-Pro.local with PID 9614 (started by aunny in /Users/aunny/Desktop/Resume/backend/resume)
2023-08-10 17:18:29.380  INFO 9614 --- [    Test worker] com.aa.resume.ResumeApplicationTests     : No active profile set, falling back to 1 default profile: "default"
2023-08-10 17:18:30.133  INFO 9614 --- [    Test worker] com.aa.resume.ResumeApplicationTests     : Started ResumeApplicationTests in 0.858 seconds (JVM running for 1.367)
]]></system-out>
  <system-err><![CDATA[]]></system-err>
</testsuite>
